============================= test session starts ==============================
platform linux -- Python 3.10.6, pytest-8.3.3, pluggy-1.5.0 -- /home/smy154/.pyenv/versions/3.10.6/envs/taxifare-env/bin/python
cachedir: .pytest_cache
rootdir: /home/smy154/code/smy154/data-model-lifecycle/tests
configfile: pytest_kitt.ini
plugins: anyio-4.6.0, time-machine-2.16.0
collecting ... collected 10 items

tests/lifecycle/test_mlflow.py::TestMlflow::test_model_target_is_mlflow PASSED [ 10%]
tests/lifecycle/test_mlflow.py::TestMlflow::test_mlflow_experiment_is_not_null PASSED [ 20%]
tests/lifecycle/test_mlflow.py::TestMlflow::test_mlflow_model_name_is_not_null PASSED [ 30%]
tests/lifecycle/test_mlflow.py::TestMlflow::test_mlflow_experiment_exists PASSED [ 40%]
tests/lifecycle/test_mlflow.py::TestMlflow::test_mlflow_model_exists PASSED [ 50%]
tests/lifecycle/test_mlflow.py::TestMlflow::test_mlflow_model_in_production PASSED [ 60%]
tests/lifecycle/test_prefect.py::TestPrefect::test_prefect_flow_name_is_not_null PASSED [ 70%]
tests/lifecycle/test_prefect.py::TestPrefect::test_prefect_log_level_is_warning PASSED [ 80%]
tests/lifecycle/test_prefect.py::TestPrefect::test_prefect_tasks FAILED  [ 90%]
tests/lifecycle/test_prefect.py::TestPrefect::test_prefect_flow PASSED   [100%]

=================================== FAILURES ===================================
________________________ TestPrefect.test_prefect_tasks ________________________

self = <tests.lifecycle.test_prefect.TestPrefect object at 0x7f59e8662f50>

    def test_prefect_tasks(self):
        """
        verify that the all the prefect tasks are created
        """
        assert preprocess_new_data.name == 'preprocess_new_data', "preprocess_new_data task is not defined"
        assert evaluate_production_model.name == 'evaluate_production_model', "evaluate_production_model task is not defined"
>       assert re_train.name == 're_train', "re_train task is not defined"
E       NameError: name 're_train' is not defined

tests/lifecycle/test_prefect.py:32: NameError
=========================== short test summary info ============================
FAILED tests/lifecycle/test_prefect.py::TestPrefect::test_prefect_tasks - Nam...
========================= 1 failed, 9 passed in 4.19s ==========================
