============================= test session starts ==============================
platform linux -- Python 3.10.6, pytest-8.3.3, pluggy-1.5.0 -- /home/smy154/.pyenv/versions/3.10.6/envs/taxifare-env/bin/python
cachedir: .pytest_cache
rootdir: /home/smy154/code/smy154/data-model-lifecycle/tests
configfile: pytest_kitt.ini
plugins: anyio-3.7.1, time-machine-2.16.0
collecting ... collected 6 items / 1 error

==================================== ERRORS ====================================
__________________ ERROR collecting lifecycle/test_prefect.py __________________
ImportError while importing test module '/home/smy154/code/smy154/data-model-lifecycle/tests/lifecycle/test_prefect.py'.
Hint: make sure your test modules/packages have valid Python names.
Traceback:
../../../.pyenv/versions/3.10.6/lib/python3.10/importlib/__init__.py:126: in import_module
    return _bootstrap._gcd_import(name[level:], package, level)
tests/lifecycle/test_prefect.py:6: in <module>
    from taxifare.interface.workflow import *
taxifare/interface/workflow.py:6: in <module>
    from prefect import task, flow
../../../.pyenv/versions/3.10.6/envs/taxifare-env/lib/python3.10/site-packages/prefect/__init__.py:30: in <module>
    from prefect.deployments import deploy
../../../.pyenv/versions/3.10.6/envs/taxifare-env/lib/python3.10/site-packages/prefect/deployments/__init__.py:1: in <module>
    import prefect.deployments.base
../../../.pyenv/versions/3.10.6/envs/taxifare-env/lib/python3.10/site-packages/prefect/deployments/base.py:22: in <module>
    from prefect.client.schemas.objects import MinimalDeploymentSchedule
../../../.pyenv/versions/3.10.6/envs/taxifare-env/lib/python3.10/site-packages/prefect/client/schemas/__init__.py:4: in <module>
    from .actions import BlockTypeUpdate, StateCreate
../../../.pyenv/versions/3.10.6/envs/taxifare-env/lib/python3.10/site-packages/prefect/client/schemas/actions.py:7: in <module>
    from prefect._internal.compatibility.deprecated import DeprecatedInfraOverridesField
../../../.pyenv/versions/3.10.6/envs/taxifare-env/lib/python3.10/site-packages/prefect/_internal/compatibility/deprecated.py:28: in <module>
    from prefect.utilities.callables import get_call_parameters
../../../.pyenv/versions/3.10.6/envs/taxifare-env/lib/python3.10/site-packages/prefect/utilities/callables.py:24: in <module>
    from griffe.dataclasses import Docstring
E   ModuleNotFoundError: No module named 'griffe.dataclasses'
=========================== short test summary info ============================
ERROR tests/lifecycle/test_prefect.py
!!!!!!!!!!!!!!!!!!!! Interrupted: 1 error during collection !!!!!!!!!!!!!!!!!!!!
=============================== 1 error in 1.19s ===============================
